<?xml version="1.0" encoding="UTF-8"?>
<testsuite xmlns:xsi="http://www.w3.org/2001/XMLSchema-instance" xsi:noNamespaceSchemaLocation="https://maven.apache.org/surefire/maven-surefire-plugin/xsd/surefire-test-report-3.0.xsd" version="3.0" name="StudentTest" time="0.024" tests="4" errors="0" skipped="0" failures="0">
  <properties>
[...]
</properties>
  <testcase name="testCreateStudentWithValidArgs" classname="StudentTest" time="0.005"/>
  <testcase name="testCreateStudentWithInvalidArgs" classname="StudentTest" time="0.002"/>
  <testcase name="testCreateStudentWithInvalidName" classname="StudentTest" time="0.007"/>
  <testcase name="testCreateStudentWithInvalidEmail" classname="StudentTest" time="0.001"/>
</testsuite>